<?xml version="1.0" encoding="UTF-8"?>
<!-- Generated by org.testng.reporters.JUnitXMLReporter -->
<testsuite ignored="0" hostname="DESKTOP-KV3D9BQ" failures="0" tests="4" name="Default test" time="5.749" errors="0" timestamp="2023-06-02T10:31:29 EDT">
  <testcase classname="rest.assured.testscripts.Ceate_Update_Delete_Resource" name="createResource" time="2.597"/>
  <testcase classname="rest.assured.testscripts.Ceate_Update_Delete_Resource" name="verifyResourceExistence" time="1.096"/>
  <testcase classname="rest.assured.testscripts.Ceate_Update_Delete_Resource" name="udateResource" time="0.577"/>
  <testcase classname="rest.assured.testscripts.Ceate_Update_Delete_Resource" name="deleteResource" time="1.051"/>
</testsuite> <!-- Default test -->
